\BOOKMARK [1][-]{section.1}{Grammar transformation for LL\(1\)}{}% 1
\BOOKMARK [2][-]{subsection.1.1}{\(a\)}{section.1}% 2
\BOOKMARK [2][-]{subsection.1.2}{\(b\)}{section.1}% 3
\BOOKMARK [2][-]{subsection.1.3}{\(c\)}{section.1}% 4
\BOOKMARK [2][-]{subsection.1.4}{\(d\)}{section.1}% 5
\BOOKMARK [1][-]{section.2}{Extend the equality operation in Paladim to work on arrays.}{}% 6
\BOOKMARK [2][-]{subsection.2.1}{Type-checker changes.}{section.2}% 7
\BOOKMARK [2][-]{subsection.2.2}{Code generation.}{section.2}% 8
\BOOKMARK [2][-]{subsection.2.3}{Testing.}{section.2}% 9
\BOOKMARK [1][-]{section.3}{A Flat-Reduce High-Order Function in Paladim.}{}% 10
\BOOKMARK [2][-]{subsection.3.1}{Type-checker changes.}{section.3}% 11
\BOOKMARK [2][-]{subsection.3.2}{Code generation.}{section.3}% 12
\BOOKMARK [2][-]{subsection.3.3}{Testing.}{section.3}% 13
\BOOKMARK [1][-]{section.4}{A switch statement for Paladim.}{}% 14
\BOOKMARK [2][-]{subsubsection.4.0.1}{Lexer, grammar and abstract syntax tree.}{section.4}% 15
\BOOKMARK [3][-]{subsubsection.4.0.2}{Type checking.}{subsubsection.4.0.1}% 16
\BOOKMARK [3][-]{subsubsection.4.0.3}{Code generation.}{subsubsection.4.0.1}% 17
\BOOKMARK [2][-]{subsection.4.1}{Testing.}{section.4}% 18
\BOOKMARK [1][-]{appendix.A}{Code changes}{}% 19
\BOOKMARK [2][-]{subsection.A.1}{Array equal implementation.}{appendix.A}% 20
\BOOKMARK [3][-]{subsubsection.A.1.1}{Type.sml}{subsection.A.1}% 21
\BOOKMARK [3][-]{subsubsection.A.1.2}{Compiler.sml}{subsection.A.1}% 22
\BOOKMARK [2][-]{subsection.A.2}{Reduce function implementation}{appendix.A}% 23
\BOOKMARK [3][-]{subsubsection.A.2.1}{Type.sml}{subsection.A.2}% 24
\BOOKMARK [3][-]{subsubsection.A.2.2}{Compiler.sml}{subsection.A.2}% 25
\BOOKMARK [2][-]{subsection.A.3}{Switch statement implementation.}{appendix.A}% 26
\BOOKMARK [3][-]{subsubsection.A.3.1}{Lexer.lex}{subsection.A.3}% 27
\BOOKMARK [3][-]{subsubsection.A.3.2}{Parser.grm}{subsection.A.3}% 28
\BOOKMARK [3][-]{subsubsection.A.3.3}{AbSyn.sml}{subsection.A.3}% 29
\BOOKMARK [3][-]{subsubsection.A.3.4}{TpAbSyn.sml}{subsection.A.3}% 30
\BOOKMARK [3][-]{subsubsection.A.3.5}{Type.sml}{subsection.A.3}% 31
\BOOKMARK [3][-]{subsubsection.A.3.6}{Compiler.sml}{subsection.A.3}% 32
\BOOKMARK [3][-]{subsubsection.A.3.7}{TpInterpret.sml}{subsection.A.3}% 33
\BOOKMARK [2][-]{subsection.A.4}{Tests}{appendix.A}% 34
\BOOKMARK [3][-]{subsubsection.A.4.1}{Equal}{subsection.A.4}% 35
\BOOKMARK [3][-]{subsubsection.A.4.2}{Reduce}{subsection.A.4}% 36
\BOOKMARK [3][-]{subsubsection.A.4.3}{Switch}{subsection.A.4}% 37
