   0  $accept : %entry% $end

   1  Program : Prog TEOF

   2  Prog : TProgram TId TSemi FunDecs

   3  FunDecs : FunDecs FunDec
   4          | FunDec

   5  FunDec : TFunction TId TLParen PDecl TRParen TColon Type Block TSemi
   6         | TProcedure TId TLParen PDecl TRParen Block TSemi

   7  Block : SBlock
   8        | TVar Decs SBlock

   9  SBlock : TBegin StmtSeq TSemi TEnd
  10         | Stmt

  11  StmtSeq : StmtSeq TSemi Stmt
  12          | Stmt

  13  Stmt : TId TLParen CallParams TRParen
  14       | TIf Exp TThen Block TElse Block
  15       | TIf Exp TThen Block
  16       | TWhile Exp TDo Block
  17       | TReturn Ret
  18       | LVal TAssign Exp

  19  LVal : TId
  20       | TId TLBracket Exps TRBracket

  21  Ret : Exp
  22      |

  23  Exp : TNLit
  24      | TBLit
  25      | TCLit
  26      | TSLit
  27      | TLCurly Exps TRCurly
  28      | LVal
  29      | TNot Exp
  30      | Exp TPlus Exp
  31      | Exp TMinus Exp
  32      | Exp TTimes Exp
  33      | Exp TSlash Exp
  34      | Exp TEq Exp
  35      | Exp TLess Exp
  36      | Exp TAnd Exp
  37      | Exp TOr Exp
  38      | TLParen Exp TRParen
  39      | TId TLParen CallParams TRParen

  40  PDecl : Params
  41        |

  42  Params : Params TSemi Dec
  43         | Dec

  44  Dec : TId TColon Type

  45  Decs : Decs Dec TSemi
  46       | Dec TSemi

  47  Type : TInt
  48       | TChar
  49       | TBool
  50       | TArray TOf Type

  51  CallParams : Exps
  52             |

  53  Exps : Exp TComma Exps
  54       | Exp

  55  %entry% : '\001' Program

state 0
	$accept : . %entry% $end  (0)

	'\001'  shift 1
	.  error

	%entry%  goto 2


state 1
	%entry% : '\001' . Program  (55)

	TProgram  shift 3
	.  error

	Program  goto 4
	Prog  goto 5


state 2
	$accept : %entry% . $end  (0)

	$end  accept


state 3
	Prog : TProgram . TId TSemi FunDecs  (2)

	TId  shift 6
	.  error


state 4
	%entry% : '\001' Program .  (55)

	.  reduce 55


state 5
	Program : Prog . TEOF  (1)

	TEOF  shift 7
	.  error


state 6
	Prog : TProgram TId . TSemi FunDecs  (2)

	TSemi  shift 8
	.  error


state 7
	Program : Prog TEOF .  (1)

	.  reduce 1


state 8
	Prog : TProgram TId TSemi . FunDecs  (2)

	TFunction  shift 9
	TProcedure  shift 10
	.  error

	FunDecs  goto 11
	FunDec  goto 12


state 9
	FunDec : TFunction . TId TLParen PDecl TRParen TColon Type Block TSemi  (5)

	TId  shift 13
	.  error


state 10
	FunDec : TProcedure . TId TLParen PDecl TRParen Block TSemi  (6)

	TId  shift 14
	.  error


state 11
	Prog : TProgram TId TSemi FunDecs .  (2)
	FunDecs : FunDecs . FunDec  (3)

	TFunction  shift 9
	TProcedure  shift 10
	TEOF  reduce 2

	FunDec  goto 15


state 12
	FunDecs : FunDec .  (4)

	.  reduce 4


state 13
	FunDec : TFunction TId . TLParen PDecl TRParen TColon Type Block TSemi  (5)

	TLParen  shift 16
	.  error


state 14
	FunDec : TProcedure TId . TLParen PDecl TRParen Block TSemi  (6)

	TLParen  shift 17
	.  error


state 15
	FunDecs : FunDecs FunDec .  (3)

	.  reduce 3


state 16
	FunDec : TFunction TId TLParen . PDecl TRParen TColon Type Block TSemi  (5)
	PDecl : .  (41)

	TId  shift 18
	TRParen  reduce 41

	PDecl  goto 19
	Params  goto 20
	Dec  goto 21


state 17
	FunDec : TProcedure TId TLParen . PDecl TRParen Block TSemi  (6)
	PDecl : .  (41)

	TId  shift 18
	TRParen  reduce 41

	PDecl  goto 22
	Params  goto 20
	Dec  goto 21


state 18
	Dec : TId . TColon Type  (44)

	TColon  shift 23
	.  error


state 19
	FunDec : TFunction TId TLParen PDecl . TRParen TColon Type Block TSemi  (5)

	TRParen  shift 24
	.  error


state 20
	PDecl : Params .  (40)
	Params : Params . TSemi Dec  (42)

	TSemi  shift 25
	TRParen  reduce 40


state 21
	Params : Dec .  (43)

	.  reduce 43


state 22
	FunDec : TProcedure TId TLParen PDecl . TRParen Block TSemi  (6)

	TRParen  shift 26
	.  error


state 23
	Dec : TId TColon . Type  (44)

	TArray  shift 27
	TBool  shift 28
	TChar  shift 29
	TInt  shift 30
	.  error

	Type  goto 31


state 24
	FunDec : TFunction TId TLParen PDecl TRParen . TColon Type Block TSemi  (5)

	TColon  shift 32
	.  error


state 25
	Params : Params TSemi . Dec  (42)

	TId  shift 18
	.  error

	Dec  goto 33


state 26
	FunDec : TProcedure TId TLParen PDecl TRParen . Block TSemi  (6)

	TBegin  shift 34
	TId  shift 35
	TIf  shift 36
	TReturn  shift 37
	TVar  shift 38
	TWhile  shift 39
	.  error

	Block  goto 40
	SBlock  goto 41
	Stmt  goto 42
	LVal  goto 43


state 27
	Type : TArray . TOf Type  (50)

	TOf  shift 44
	.  error


state 28
	Type : TBool .  (49)

	.  reduce 49


state 29
	Type : TChar .  (48)

	.  reduce 48


state 30
	Type : TInt .  (47)

	.  reduce 47


state 31
	Dec : TId TColon Type .  (44)

	.  reduce 44


state 32
	FunDec : TFunction TId TLParen PDecl TRParen TColon . Type Block TSemi  (5)

	TArray  shift 27
	TBool  shift 28
	TChar  shift 29
	TInt  shift 30
	.  error

	Type  goto 45


state 33
	Params : Params TSemi Dec .  (42)

	.  reduce 42


state 34
	SBlock : TBegin . StmtSeq TSemi TEnd  (9)

	TId  shift 35
	TIf  shift 36
	TReturn  shift 37
	TWhile  shift 39
	.  error

	StmtSeq  goto 46
	Stmt  goto 47
	LVal  goto 43


state 35
	Stmt : TId . TLParen CallParams TRParen  (13)
	LVal : TId .  (19)
	LVal : TId . TLBracket Exps TRBracket  (20)

	TLBracket  shift 48
	TLParen  shift 49
	TAssign  reduce 19


state 36
	Stmt : TIf . Exp TThen Block TElse Block  (14)
	Stmt : TIf . Exp TThen Block  (15)

	TBLit  shift 50
	TCLit  shift 51
	TId  shift 52
	TLCurly  shift 53
	TLParen  shift 54
	TNLit  shift 55
	TNot  shift 56
	TSLit  shift 57
	.  error

	LVal  goto 58
	Exp  goto 59


state 37
	Stmt : TReturn . Ret  (17)
	Ret : .  (22)

	TBLit  shift 50
	TCLit  shift 51
	TId  shift 52
	TLCurly  shift 53
	TLParen  shift 54
	TNLit  shift 55
	TNot  shift 56
	TSLit  shift 57
	TElse  reduce 22
	TSemi  reduce 22

	LVal  goto 58
	Ret  goto 60
	Exp  goto 61


state 38
	Block : TVar . Decs SBlock  (8)

	TId  shift 18
	.  error

	Dec  goto 62
	Decs  goto 63


state 39
	Stmt : TWhile . Exp TDo Block  (16)

	TBLit  shift 50
	TCLit  shift 51
	TId  shift 52
	TLCurly  shift 53
	TLParen  shift 54
	TNLit  shift 55
	TNot  shift 56
	TSLit  shift 57
	.  error

	LVal  goto 58
	Exp  goto 64


state 40
	FunDec : TProcedure TId TLParen PDecl TRParen Block . TSemi  (6)

	TSemi  shift 65
	.  error


state 41
	Block : SBlock .  (7)

	.  reduce 7


state 42
	SBlock : Stmt .  (10)

	.  reduce 10


state 43
	Stmt : LVal . TAssign Exp  (18)

	TAssign  shift 66
	.  error


state 44
	Type : TArray TOf . Type  (50)

	TArray  shift 27
	TBool  shift 28
	TChar  shift 29
	TInt  shift 30
	.  error

	Type  goto 67


state 45
	FunDec : TFunction TId TLParen PDecl TRParen TColon Type . Block TSemi  (5)

	TBegin  shift 34
	TId  shift 35
	TIf  shift 36
	TReturn  shift 37
	TVar  shift 38
	TWhile  shift 39
	.  error

	Block  goto 68
	SBlock  goto 41
	Stmt  goto 42
	LVal  goto 43


state 46
	SBlock : TBegin StmtSeq . TSemi TEnd  (9)
	StmtSeq : StmtSeq . TSemi Stmt  (11)

	TSemi  shift 69
	.  error


state 47
	StmtSeq : Stmt .  (12)

	.  reduce 12


state 48
	LVal : TId TLBracket . Exps TRBracket  (20)

	TBLit  shift 50
	TCLit  shift 51
	TId  shift 52
	TLCurly  shift 53
	TLParen  shift 54
	TNLit  shift 55
	TNot  shift 56
	TSLit  shift 57
	.  error

	LVal  goto 58
	Exp  goto 70
	Exps  goto 71


state 49
	Stmt : TId TLParen . CallParams TRParen  (13)
	CallParams : .  (52)

	TBLit  shift 50
	TCLit  shift 51
	TId  shift 52
	TLCurly  shift 53
	TLParen  shift 54
	TNLit  shift 55
	TNot  shift 56
	TSLit  shift 57
	TRParen  reduce 52

	LVal  goto 58
	Exp  goto 70
	CallParams  goto 72
	Exps  goto 73


state 50
	Exp : TBLit .  (24)

	.  reduce 24


state 51
	Exp : TCLit .  (25)

	.  reduce 25


state 52
	LVal : TId .  (19)
	LVal : TId . TLBracket Exps TRBracket  (20)
	Exp : TId . TLParen CallParams TRParen  (39)

	TLBracket  shift 48
	TLParen  shift 74
	TAnd  reduce 19
	TComma  reduce 19
	TDo  reduce 19
	TElse  reduce 19
	TEq  reduce 19
	TLess  reduce 19
	TMinus  reduce 19
	TOr  reduce 19
	TPlus  reduce 19
	TRBracket  reduce 19
	TRCurly  reduce 19
	TRParen  reduce 19
	TSemi  reduce 19
	TSlash  reduce 19
	TThen  reduce 19
	TTimes  reduce 19


state 53
	Exp : TLCurly . Exps TRCurly  (27)

	TBLit  shift 50
	TCLit  shift 51
	TId  shift 52
	TLCurly  shift 53
	TLParen  shift 54
	TNLit  shift 55
	TNot  shift 56
	TSLit  shift 57
	.  error

	LVal  goto 58
	Exp  goto 70
	Exps  goto 75


state 54
	Exp : TLParen . Exp TRParen  (38)

	TBLit  shift 50
	TCLit  shift 51
	TId  shift 52
	TLCurly  shift 53
	TLParen  shift 54
	TNLit  shift 55
	TNot  shift 56
	TSLit  shift 57
	.  error

	LVal  goto 58
	Exp  goto 76


state 55
	Exp : TNLit .  (23)

	.  reduce 23


state 56
	Exp : TNot . Exp  (29)

	TBLit  shift 50
	TCLit  shift 51
	TId  shift 52
	TLCurly  shift 53
	TLParen  shift 54
	TNLit  shift 55
	TNot  shift 56
	TSLit  shift 57
	.  error

	LVal  goto 58
	Exp  goto 77


state 57
	Exp : TSLit .  (26)

	.  reduce 26


state 58
	Exp : LVal .  (28)

	.  reduce 28


state 59
	Stmt : TIf Exp . TThen Block TElse Block  (14)
	Stmt : TIf Exp . TThen Block  (15)
	Exp : Exp . TPlus Exp  (30)
	Exp : Exp . TMinus Exp  (31)
	Exp : Exp . TTimes Exp  (32)
	Exp : Exp . TSlash Exp  (33)
	Exp : Exp . TEq Exp  (34)
	Exp : Exp . TLess Exp  (35)
	Exp : Exp . TAnd Exp  (36)
	Exp : Exp . TOr Exp  (37)

	TAnd  shift 78
	TEq  shift 79
	TLess  shift 80
	TMinus  shift 81
	TOr  shift 82
	TPlus  shift 83
	TSlash  shift 84
	TThen  shift 85
	TTimes  shift 86
	.  error


state 60
	Stmt : TReturn Ret .  (17)

	.  reduce 17


state 61
	Ret : Exp .  (21)
	Exp : Exp . TPlus Exp  (30)
	Exp : Exp . TMinus Exp  (31)
	Exp : Exp . TTimes Exp  (32)
	Exp : Exp . TSlash Exp  (33)
	Exp : Exp . TEq Exp  (34)
	Exp : Exp . TLess Exp  (35)
	Exp : Exp . TAnd Exp  (36)
	Exp : Exp . TOr Exp  (37)

	TAnd  shift 78
	TEq  shift 79
	TLess  shift 80
	TMinus  shift 81
	TOr  shift 82
	TPlus  shift 83
	TSlash  shift 84
	TTimes  shift 86
	TElse  reduce 21
	TSemi  reduce 21


state 62
	Decs : Dec . TSemi  (46)

	TSemi  shift 87
	.  error


state 63
	Block : TVar Decs . SBlock  (8)
	Decs : Decs . Dec TSemi  (45)

	TBegin  shift 34
	TId  shift 88
	TIf  shift 36
	TReturn  shift 37
	TWhile  shift 39
	.  error

	SBlock  goto 89
	Stmt  goto 42
	LVal  goto 43
	Dec  goto 90


state 64
	Stmt : TWhile Exp . TDo Block  (16)
	Exp : Exp . TPlus Exp  (30)
	Exp : Exp . TMinus Exp  (31)
	Exp : Exp . TTimes Exp  (32)
	Exp : Exp . TSlash Exp  (33)
	Exp : Exp . TEq Exp  (34)
	Exp : Exp . TLess Exp  (35)
	Exp : Exp . TAnd Exp  (36)
	Exp : Exp . TOr Exp  (37)

	TAnd  shift 78
	TDo  shift 91
	TEq  shift 79
	TLess  shift 80
	TMinus  shift 81
	TOr  shift 82
	TPlus  shift 83
	TSlash  shift 84
	TTimes  shift 86
	.  error


state 65
	FunDec : TProcedure TId TLParen PDecl TRParen Block TSemi .  (6)

	.  reduce 6


state 66
	Stmt : LVal TAssign . Exp  (18)

	TBLit  shift 50
	TCLit  shift 51
	TId  shift 52
	TLCurly  shift 53
	TLParen  shift 54
	TNLit  shift 55
	TNot  shift 56
	TSLit  shift 57
	.  error

	LVal  goto 58
	Exp  goto 92


state 67
	Type : TArray TOf Type .  (50)

	.  reduce 50


state 68
	FunDec : TFunction TId TLParen PDecl TRParen TColon Type Block . TSemi  (5)

	TSemi  shift 93
	.  error


state 69
	SBlock : TBegin StmtSeq TSemi . TEnd  (9)
	StmtSeq : StmtSeq TSemi . Stmt  (11)

	TEnd  shift 94
	TId  shift 35
	TIf  shift 36
	TReturn  shift 37
	TWhile  shift 39
	.  error

	Stmt  goto 95
	LVal  goto 43


state 70
	Exp : Exp . TPlus Exp  (30)
	Exp : Exp . TMinus Exp  (31)
	Exp : Exp . TTimes Exp  (32)
	Exp : Exp . TSlash Exp  (33)
	Exp : Exp . TEq Exp  (34)
	Exp : Exp . TLess Exp  (35)
	Exp : Exp . TAnd Exp  (36)
	Exp : Exp . TOr Exp  (37)
	Exps : Exp . TComma Exps  (53)
	Exps : Exp .  (54)

	TAnd  shift 78
	TComma  shift 96
	TEq  shift 79
	TLess  shift 80
	TMinus  shift 81
	TOr  shift 82
	TPlus  shift 83
	TSlash  shift 84
	TTimes  shift 86
	TRBracket  reduce 54
	TRCurly  reduce 54
	TRParen  reduce 54


state 71
	LVal : TId TLBracket Exps . TRBracket  (20)

	TRBracket  shift 97
	.  error


state 72
	Stmt : TId TLParen CallParams . TRParen  (13)

	TRParen  shift 98
	.  error


state 73
	CallParams : Exps .  (51)

	.  reduce 51


state 74
	Exp : TId TLParen . CallParams TRParen  (39)
	CallParams : .  (52)

	TBLit  shift 50
	TCLit  shift 51
	TId  shift 52
	TLCurly  shift 53
	TLParen  shift 54
	TNLit  shift 55
	TNot  shift 56
	TSLit  shift 57
	TRParen  reduce 52

	LVal  goto 58
	Exp  goto 70
	CallParams  goto 99
	Exps  goto 73


state 75
	Exp : TLCurly Exps . TRCurly  (27)

	TRCurly  shift 100
	.  error


state 76
	Exp : Exp . TPlus Exp  (30)
	Exp : Exp . TMinus Exp  (31)
	Exp : Exp . TTimes Exp  (32)
	Exp : Exp . TSlash Exp  (33)
	Exp : Exp . TEq Exp  (34)
	Exp : Exp . TLess Exp  (35)
	Exp : Exp . TAnd Exp  (36)
	Exp : Exp . TOr Exp  (37)
	Exp : TLParen Exp . TRParen  (38)

	TAnd  shift 78
	TEq  shift 79
	TLess  shift 80
	TMinus  shift 81
	TOr  shift 82
	TPlus  shift 83
	TRParen  shift 101
	TSlash  shift 84
	TTimes  shift 86
	.  error


state 77
	Exp : TNot Exp .  (29)
	Exp : Exp . TPlus Exp  (30)
	Exp : Exp . TMinus Exp  (31)
	Exp : Exp . TTimes Exp  (32)
	Exp : Exp . TSlash Exp  (33)
	Exp : Exp . TEq Exp  (34)
	Exp : Exp . TLess Exp  (35)
	Exp : Exp . TAnd Exp  (36)
	Exp : Exp . TOr Exp  (37)

	TEq  shift 79
	TLess  shift 80
	TMinus  shift 81
	TPlus  shift 83
	TSlash  shift 84
	TTimes  shift 86
	TAnd  reduce 29
	TComma  reduce 29
	TDo  reduce 29
	TElse  reduce 29
	TOr  reduce 29
	TRBracket  reduce 29
	TRCurly  reduce 29
	TRParen  reduce 29
	TSemi  reduce 29
	TThen  reduce 29


state 78
	Exp : Exp TAnd . Exp  (36)

	TBLit  shift 50
	TCLit  shift 51
	TId  shift 52
	TLCurly  shift 53
	TLParen  shift 54
	TNLit  shift 55
	TNot  shift 56
	TSLit  shift 57
	.  error

	LVal  goto 58
	Exp  goto 102


state 79
	Exp : Exp TEq . Exp  (34)

	TBLit  shift 50
	TCLit  shift 51
	TId  shift 52
	TLCurly  shift 53
	TLParen  shift 54
	TNLit  shift 55
	TNot  shift 56
	TSLit  shift 57
	.  error

	LVal  goto 58
	Exp  goto 103


state 80
	Exp : Exp TLess . Exp  (35)

	TBLit  shift 50
	TCLit  shift 51
	TId  shift 52
	TLCurly  shift 53
	TLParen  shift 54
	TNLit  shift 55
	TNot  shift 56
	TSLit  shift 57
	.  error

	LVal  goto 58
	Exp  goto 104


state 81
	Exp : Exp TMinus . Exp  (31)

	TBLit  shift 50
	TCLit  shift 51
	TId  shift 52
	TLCurly  shift 53
	TLParen  shift 54
	TNLit  shift 55
	TNot  shift 56
	TSLit  shift 57
	.  error

	LVal  goto 58
	Exp  goto 105


state 82
	Exp : Exp TOr . Exp  (37)

	TBLit  shift 50
	TCLit  shift 51
	TId  shift 52
	TLCurly  shift 53
	TLParen  shift 54
	TNLit  shift 55
	TNot  shift 56
	TSLit  shift 57
	.  error

	LVal  goto 58
	Exp  goto 106


state 83
	Exp : Exp TPlus . Exp  (30)

	TBLit  shift 50
	TCLit  shift 51
	TId  shift 52
	TLCurly  shift 53
	TLParen  shift 54
	TNLit  shift 55
	TNot  shift 56
	TSLit  shift 57
	.  error

	LVal  goto 58
	Exp  goto 107


state 84
	Exp : Exp TSlash . Exp  (33)

	TBLit  shift 50
	TCLit  shift 51
	TId  shift 52
	TLCurly  shift 53
	TLParen  shift 54
	TNLit  shift 55
	TNot  shift 56
	TSLit  shift 57
	.  error

	LVal  goto 58
	Exp  goto 108


state 85
	Stmt : TIf Exp TThen . Block TElse Block  (14)
	Stmt : TIf Exp TThen . Block  (15)

	TBegin  shift 34
	TId  shift 35
	TIf  shift 36
	TReturn  shift 37
	TVar  shift 38
	TWhile  shift 39
	.  error

	Block  goto 109
	SBlock  goto 41
	Stmt  goto 42
	LVal  goto 43


state 86
	Exp : Exp TTimes . Exp  (32)

	TBLit  shift 50
	TCLit  shift 51
	TId  shift 52
	TLCurly  shift 53
	TLParen  shift 54
	TNLit  shift 55
	TNot  shift 56
	TSLit  shift 57
	.  error

	LVal  goto 58
	Exp  goto 110


state 87
	Decs : Dec TSemi .  (46)

	.  reduce 46


state 88
	Stmt : TId . TLParen CallParams TRParen  (13)
	LVal : TId .  (19)
	LVal : TId . TLBracket Exps TRBracket  (20)
	Dec : TId . TColon Type  (44)

	TColon  shift 23
	TLBracket  shift 48
	TLParen  shift 49
	TAssign  reduce 19


state 89
	Block : TVar Decs SBlock .  (8)

	.  reduce 8


state 90
	Decs : Decs Dec . TSemi  (45)

	TSemi  shift 111
	.  error


state 91
	Stmt : TWhile Exp TDo . Block  (16)

	TBegin  shift 34
	TId  shift 35
	TIf  shift 36
	TReturn  shift 37
	TVar  shift 38
	TWhile  shift 39
	.  error

	Block  goto 112
	SBlock  goto 41
	Stmt  goto 42
	LVal  goto 43


state 92
	Stmt : LVal TAssign Exp .  (18)
	Exp : Exp . TPlus Exp  (30)
	Exp : Exp . TMinus Exp  (31)
	Exp : Exp . TTimes Exp  (32)
	Exp : Exp . TSlash Exp  (33)
	Exp : Exp . TEq Exp  (34)
	Exp : Exp . TLess Exp  (35)
	Exp : Exp . TAnd Exp  (36)
	Exp : Exp . TOr Exp  (37)

	TAnd  shift 78
	TEq  shift 79
	TLess  shift 80
	TMinus  shift 81
	TOr  shift 82
	TPlus  shift 83
	TSlash  shift 84
	TTimes  shift 86
	TElse  reduce 18
	TSemi  reduce 18


state 93
	FunDec : TFunction TId TLParen PDecl TRParen TColon Type Block TSemi .  (5)

	.  reduce 5


state 94
	SBlock : TBegin StmtSeq TSemi TEnd .  (9)

	.  reduce 9


state 95
	StmtSeq : StmtSeq TSemi Stmt .  (11)

	.  reduce 11


state 96
	Exps : Exp TComma . Exps  (53)

	TBLit  shift 50
	TCLit  shift 51
	TId  shift 52
	TLCurly  shift 53
	TLParen  shift 54
	TNLit  shift 55
	TNot  shift 56
	TSLit  shift 57
	.  error

	LVal  goto 58
	Exp  goto 70
	Exps  goto 113


state 97
	LVal : TId TLBracket Exps TRBracket .  (20)

	.  reduce 20


state 98
	Stmt : TId TLParen CallParams TRParen .  (13)

	.  reduce 13


state 99
	Exp : TId TLParen CallParams . TRParen  (39)

	TRParen  shift 114
	.  error


state 100
	Exp : TLCurly Exps TRCurly .  (27)

	.  reduce 27


state 101
	Exp : TLParen Exp TRParen .  (38)

	.  reduce 38


state 102
	Exp : Exp . TPlus Exp  (30)
	Exp : Exp . TMinus Exp  (31)
	Exp : Exp . TTimes Exp  (32)
	Exp : Exp . TSlash Exp  (33)
	Exp : Exp . TEq Exp  (34)
	Exp : Exp . TLess Exp  (35)
	Exp : Exp . TAnd Exp  (36)
	Exp : Exp TAnd Exp .  (36)
	Exp : Exp . TOr Exp  (37)

	TAnd  shift 78
	TEq  shift 79
	TLess  shift 80
	TMinus  shift 81
	TPlus  shift 83
	TSlash  shift 84
	TTimes  shift 86
	TComma  reduce 36
	TDo  reduce 36
	TElse  reduce 36
	TOr  reduce 36
	TRBracket  reduce 36
	TRCurly  reduce 36
	TRParen  reduce 36
	TSemi  reduce 36
	TThen  reduce 36


state 103
	Exp : Exp . TPlus Exp  (30)
	Exp : Exp . TMinus Exp  (31)
	Exp : Exp . TTimes Exp  (32)
	Exp : Exp . TSlash Exp  (33)
	Exp : Exp . TEq Exp  (34)
	Exp : Exp TEq Exp .  (34)
	Exp : Exp . TLess Exp  (35)
	Exp : Exp . TAnd Exp  (36)
	Exp : Exp . TOr Exp  (37)

	TMinus  shift 81
	TPlus  shift 83
	TSlash  shift 84
	TTimes  shift 86
	TAnd  reduce 34
	TComma  reduce 34
	TDo  reduce 34
	TElse  reduce 34
	TOr  reduce 34
	TRBracket  reduce 34
	TRCurly  reduce 34
	TRParen  reduce 34
	TSemi  reduce 34
	TThen  reduce 34


state 104
	Exp : Exp . TPlus Exp  (30)
	Exp : Exp . TMinus Exp  (31)
	Exp : Exp . TTimes Exp  (32)
	Exp : Exp . TSlash Exp  (33)
	Exp : Exp . TEq Exp  (34)
	Exp : Exp . TLess Exp  (35)
	Exp : Exp TLess Exp .  (35)
	Exp : Exp . TAnd Exp  (36)
	Exp : Exp . TOr Exp  (37)

	TMinus  shift 81
	TPlus  shift 83
	TSlash  shift 84
	TTimes  shift 86
	TAnd  reduce 35
	TComma  reduce 35
	TDo  reduce 35
	TElse  reduce 35
	TOr  reduce 35
	TRBracket  reduce 35
	TRCurly  reduce 35
	TRParen  reduce 35
	TSemi  reduce 35
	TThen  reduce 35


state 105
	Exp : Exp . TPlus Exp  (30)
	Exp : Exp . TMinus Exp  (31)
	Exp : Exp TMinus Exp .  (31)
	Exp : Exp . TTimes Exp  (32)
	Exp : Exp . TSlash Exp  (33)
	Exp : Exp . TEq Exp  (34)
	Exp : Exp . TLess Exp  (35)
	Exp : Exp . TAnd Exp  (36)
	Exp : Exp . TOr Exp  (37)

	TSlash  shift 84
	TTimes  shift 86
	TAnd  reduce 31
	TComma  reduce 31
	TDo  reduce 31
	TElse  reduce 31
	TEq  reduce 31
	TLess  reduce 31
	TMinus  reduce 31
	TOr  reduce 31
	TPlus  reduce 31
	TRBracket  reduce 31
	TRCurly  reduce 31
	TRParen  reduce 31
	TSemi  reduce 31
	TThen  reduce 31


state 106
	Exp : Exp . TPlus Exp  (30)
	Exp : Exp . TMinus Exp  (31)
	Exp : Exp . TTimes Exp  (32)
	Exp : Exp . TSlash Exp  (33)
	Exp : Exp . TEq Exp  (34)
	Exp : Exp . TLess Exp  (35)
	Exp : Exp . TAnd Exp  (36)
	Exp : Exp . TOr Exp  (37)
	Exp : Exp TOr Exp .  (37)

	TAnd  shift 78
	TEq  shift 79
	TLess  shift 80
	TMinus  shift 81
	TOr  shift 82
	TPlus  shift 83
	TSlash  shift 84
	TTimes  shift 86
	TComma  reduce 37
	TDo  reduce 37
	TElse  reduce 37
	TRBracket  reduce 37
	TRCurly  reduce 37
	TRParen  reduce 37
	TSemi  reduce 37
	TThen  reduce 37


state 107
	Exp : Exp . TPlus Exp  (30)
	Exp : Exp TPlus Exp .  (30)
	Exp : Exp . TMinus Exp  (31)
	Exp : Exp . TTimes Exp  (32)
	Exp : Exp . TSlash Exp  (33)
	Exp : Exp . TEq Exp  (34)
	Exp : Exp . TLess Exp  (35)
	Exp : Exp . TAnd Exp  (36)
	Exp : Exp . TOr Exp  (37)

	TSlash  shift 84
	TTimes  shift 86
	TAnd  reduce 30
	TComma  reduce 30
	TDo  reduce 30
	TElse  reduce 30
	TEq  reduce 30
	TLess  reduce 30
	TMinus  reduce 30
	TOr  reduce 30
	TPlus  reduce 30
	TRBracket  reduce 30
	TRCurly  reduce 30
	TRParen  reduce 30
	TSemi  reduce 30
	TThen  reduce 30


state 108
	Exp : Exp . TPlus Exp  (30)
	Exp : Exp . TMinus Exp  (31)
	Exp : Exp . TTimes Exp  (32)
	Exp : Exp . TSlash Exp  (33)
	Exp : Exp TSlash Exp .  (33)
	Exp : Exp . TEq Exp  (34)
	Exp : Exp . TLess Exp  (35)
	Exp : Exp . TAnd Exp  (36)
	Exp : Exp . TOr Exp  (37)

	TAnd  reduce 33
	TComma  reduce 33
	TDo  reduce 33
	TElse  reduce 33
	TEq  reduce 33
	TLess  reduce 33
	TMinus  reduce 33
	TOr  reduce 33
	TPlus  reduce 33
	TRBracket  reduce 33
	TRCurly  reduce 33
	TRParen  reduce 33
	TSemi  reduce 33
	TSlash  reduce 33
	TThen  reduce 33
	TTimes  reduce 33


state 109
	Stmt : TIf Exp TThen Block . TElse Block  (14)
	Stmt : TIf Exp TThen Block .  (15)

	TElse  shift 115
	TSemi  reduce 15


state 110
	Exp : Exp . TPlus Exp  (30)
	Exp : Exp . TMinus Exp  (31)
	Exp : Exp . TTimes Exp  (32)
	Exp : Exp TTimes Exp .  (32)
	Exp : Exp . TSlash Exp  (33)
	Exp : Exp . TEq Exp  (34)
	Exp : Exp . TLess Exp  (35)
	Exp : Exp . TAnd Exp  (36)
	Exp : Exp . TOr Exp  (37)

	TAnd  reduce 32
	TComma  reduce 32
	TDo  reduce 32
	TElse  reduce 32
	TEq  reduce 32
	TLess  reduce 32
	TMinus  reduce 32
	TOr  reduce 32
	TPlus  reduce 32
	TRBracket  reduce 32
	TRCurly  reduce 32
	TRParen  reduce 32
	TSemi  reduce 32
	TSlash  reduce 32
	TThen  reduce 32
	TTimes  reduce 32


state 111
	Decs : Decs Dec TSemi .  (45)

	.  reduce 45


state 112
	Stmt : TWhile Exp TDo Block .  (16)

	.  reduce 16


state 113
	Exps : Exp TComma Exps .  (53)

	.  reduce 53


state 114
	Exp : TId TLParen CallParams TRParen .  (39)

	.  reduce 39


state 115
	Stmt : TIf Exp TThen Block TElse . Block  (14)

	TBegin  shift 34
	TId  shift 35
	TIf  shift 36
	TReturn  shift 37
	TVar  shift 38
	TWhile  shift 39
	.  error

	Block  goto 116
	SBlock  goto 41
	Stmt  goto 42
	LVal  goto 43


state 116
	Stmt : TIf Exp TThen Block TElse Block .  (14)

	.  reduce 14


46 terminals, 20 nonterminals
56 grammar rules, 117 states
